<?xml version="1.0" encoding="UTF-8"?>
<testsuite name="ru.stqa.pft.sandbox.TestMail" tests="1" skipped="0" failures="0" errors="0" timestamp="2020-06-15T16:04:20" hostname="DESKTOP-K2TLTBL" time="9.678">
  <properties/>
  <testcase name="login" classname="ru.stqa.pft.sandbox.TestMail" time="9.678"/>
  <system-out><![CDATA[https://e.mail.ru/inbox/?back=1&afterReload=1
]]></system-out>
  <system-err><![CDATA[SLF4J: Failed to load class "org.slf4j.impl.StaticLoggerBinder".
SLF4J: Defaulting to no-operation (NOP) logger implementation
SLF4J: See http://www.slf4j.org/codes.html#StaticLoggerBinder for further details.
Starting ChromeDriver 83.0.4103.39 (ccbf011cb2d2b19b506d844400483861342c20cd-refs/branch-heads/4103@{#416}) on port 35856
Only local connections are allowed.
Please see https://chromedriver.chromium.org/security-considerations for suggestions on keeping ChromeDriver safe.
ChromeDriver was started successfully.
июн. 15, 2020 7:04:24 PM org.openqa.selenium.remote.ProtocolHandshake createSession
INFO: Detected dialect: W3C
]]></system-err>
</testsuite>
